10:14:41: Creating resource group General
10:14:41: Creating resource group Internal
10:14:41: Creating resource group Autodetect
10:14:41: Registering ResourceManager for type Mesh
10:14:41: Registering ResourceManager for type Material
10:14:41: Registering ResourceManager for type Skeleton
10:14:41: XMLMeshSerializer reading mesh data from /home/nikki/Development/Projects/grall2/data/ObjectMeshes/Player.mesh.xml...
10:14:41: Reading submeshes...
10:14:41: Reading geometry...
10:14:41: Geometry done...
10:14:41: Submeshes done.
10:14:41: XMLMeshSerializer import successful.
10:14:41: Reorganising vertex buffers to automatic layout..
10:14:41: MeshSerializer writing mesh data to /home/nikki/Development/Projects/grall2/data/ObjectMeshes/Player.mesh...
10:14:41: File header written.
10:14:41: Writing mesh data...
10:14:41: Writing submesh...
10:14:41: Exporting submesh texture aliases...
10:14:41: Submesh texture aliases exported.
10:14:41: Submesh exported.
10:14:41: Exporting bounds information....
10:14:41: Bounds information exported.
10:14:41: Exporting submesh name table...
10:14:41: Submesh name table exported.
10:14:41: Exporting edge lists...
10:14:41: Edge lists exported
10:14:41: Mesh data exported.
10:14:41: MeshSerializer export successful.
10:14:41: Unregistering ResourceManager for type Skeleton
10:14:41: Unregistering ResourceManager for type Material
10:14:41: Unregistering ResourceManager for type Mesh
